<?xml version="1.0" encoding="UTF-8"?>
<robot generator="Robot 6.1.1 (Python 3.11.4 on win32)" generated="20230905 10:35:29.564" rpa="false" schemaversion="4">
<suite id="s1" name="Test" source="C:\Users\Spandana SY-int-219\PycharmProjects\MyProject\test.robot">
<test id="s1-t1" name="Open Google" line="27">
<kw name="Open Browser" library="SeleniumLibrary">
<arg>https://codenboxautomationlab.com/registration-form/</arg>
<arg>chrome</arg>
<doc>Opens a new browser instance to the optional ``url``.</doc>
<msg timestamp="20230905 10:35:29.674" level="INFO">Opening browser 'chrome' to base url 'https://codenboxautomationlab.com/registration-form/'.</msg>
<status status="PASS" starttime="20230905 10:35:29.674" endtime="20230905 10:35:34.307"/>
</kw>
<kw name="Maximize Browser Window" library="SeleniumLibrary">
<doc>Maximizes current browser window.</doc>
<status status="PASS" starttime="20230905 10:35:34.312" endtime="20230905 10:35:34.427"/>
</kw>
<kw name="Register credentials">
<kw name="Input Text" library="SeleniumLibrary">
<arg>${f_name}</arg>
<arg>${f_name_value}</arg>
<doc>Types the given ``text`` into the text field identified by ``locator``.</doc>
<msg timestamp="20230905 10:35:34.430" level="INFO">Typing text 'ABC' into text field '//input[@id='nf-field-17']'.</msg>
<status status="PASS" starttime="20230905 10:35:34.429" endtime="20230905 10:35:34.532"/>
</kw>
<kw name="Input Text" library="SeleniumLibrary">
<arg>${l_name}</arg>
<arg>${l_name_value}</arg>
<doc>Types the given ``text`` into the text field identified by ``locator``.</doc>
<msg timestamp="20230905 10:35:34.533" level="INFO">Typing text 'XYZ' into text field '//input[@id='nf-field-18']'.</msg>
<status status="PASS" starttime="20230905 10:35:34.532" endtime="20230905 10:35:34.623"/>
</kw>
<kw name="Input Text" library="SeleniumLibrary">
<arg>${email}</arg>
<arg>${email_value}</arg>
<doc>Types the given ``text`` into the text field identified by ``locator``.</doc>
<msg timestamp="20230905 10:35:34.623" level="INFO">Typing text 'x@gmail.com' into text field '//input[@id='nf-field-19']'.</msg>
<status status="PASS" starttime="20230905 10:35:34.623" endtime="20230905 10:35:34.733"/>
</kw>
<kw name="Input Text" library="SeleniumLibrary">
<arg>${phone}</arg>
<arg>${phone_value}</arg>
<doc>Types the given ``text`` into the text field identified by ``locator``.</doc>
<msg timestamp="20230905 10:35:34.733" level="INFO">Typing text '9000045671' into text field '//input[@id='nf-field-20']'.</msg>
<status status="PASS" starttime="20230905 10:35:34.733" endtime="20230905 10:35:34.821"/>
</kw>
<kw name="Select From List By Value" library="SeleniumLibrary">
<arg>${drop_down1}</arg>
<arg>${drop_down1_value}</arg>
<doc>Selects options from selection list ``locator`` by ``values``.</doc>
<msg timestamp="20230905 10:35:34.822" level="INFO">Selecting options from selection list 'nf-field-22' by value selenium-automation.</msg>
<status status="PASS" starttime="20230905 10:35:34.821" endtime="20230905 10:35:34.897"/>
</kw>
<kw name="Select From List By Value" library="SeleniumLibrary">
<arg>${drop_down2}</arg>
<arg>${drop_down2_value}</arg>
<doc>Selects options from selection list ``locator`` by ``values``.</doc>
<msg timestamp="20230905 10:35:34.898" level="INFO">Selecting options from selection list 'nf-field-24' by value october.</msg>
<status status="PASS" starttime="20230905 10:35:34.897" endtime="20230905 10:35:34.967"/>
</kw>
<kw name="Click Element" library="SeleniumLibrary">
<arg>${button}</arg>
<doc>Click the element identified by ``locator``.</doc>
<msg timestamp="20230905 10:35:34.967" level="INFO">Clicking element '//input[@id='nf-field-15']'.</msg>
<status status="PASS" starttime="20230905 10:35:34.967" endtime="20230905 10:35:35.030"/>
</kw>
<status status="PASS" starttime="20230905 10:35:34.429" endtime="20230905 10:35:35.030"/>
</kw>
<status status="PASS" starttime="20230905 10:35:29.673" endtime="20230905 10:35:35.031"/>
</test>
<status status="PASS" starttime="20230905 10:35:29.565" endtime="20230905 10:35:35.032"/>
</suite>
<statistics>
<total>
<stat pass="1" fail="0" skip="0">All Tests</stat>
</total>
<tag>
</tag>
<suite>
<stat pass="1" fail="0" skip="0" id="s1" name="Test">Test</stat>
</suite>
</statistics>
<errors>
</errors>
</robot>
