<?xml version="1.0" encoding="UTF-8"?>
<robot generator="Robot 6.1.1 (Python 3.11.4 on win32)" generated="20230905 11:20:15.805" rpa="false" schemaversion="4">
<suite id="s1" name="Testcase1" source="C:\Users\Spandana SY-int-219\PycharmProjects\MyProject\testcycles\module 2 folder\testscenario\testcase1.robot">
<test id="s1-t1" name="PLEASE" line="6">
<kw name="Register credentials1" library="keywords_register">
<kw name="Open Browser" library="SeleniumLibrary">
<arg>${url2}</arg>
<arg>${browser}</arg>
<doc>Opens a new browser instance to the optional ``url``.</doc>
<msg timestamp="20230905 11:20:15.915" level="INFO">Opening browser 'chrome' to base url 'https://codenboxautomationlab.com/registration-form/'.</msg>
<status status="PASS" starttime="20230905 11:20:15.915" endtime="20230905 11:20:21.631"/>
</kw>
<kw name="Maximize Browser Window" library="SeleniumLibrary">
<doc>Maximizes current browser window.</doc>
<status status="PASS" starttime="20230905 11:20:21.631" endtime="20230905 11:20:21.744"/>
</kw>
<kw name="Input Text" library="SeleniumLibrary">
<arg>${f_name1}</arg>
<arg>${f_name_value}</arg>
<doc>Types the given ``text`` into the text field identified by ``locator``.</doc>
<msg timestamp="20230905 11:20:21.744" level="INFO">Typing text 'ABC' into text field '//input[@name='fname']'.</msg>
<status status="PASS" starttime="20230905 11:20:21.744" endtime="20230905 11:20:21.843"/>
</kw>
<kw name="Input Text" library="SeleniumLibrary">
<arg>${l_name1}</arg>
<arg>${l_name_value}</arg>
<doc>Types the given ``text`` into the text field identified by ``locator``.</doc>
<msg timestamp="20230905 11:20:21.843" level="INFO">Typing text 'XYZ' into text field '//input[@id='nf-field-18']'.</msg>
<status status="PASS" starttime="20230905 11:20:21.843" endtime="20230905 11:20:21.936"/>
</kw>
<kw name="Input Text" library="SeleniumLibrary">
<arg>${email1}</arg>
<arg>${email_value}</arg>
<doc>Types the given ``text`` into the text field identified by ``locator``.</doc>
<msg timestamp="20230905 11:20:21.936" level="INFO">Typing text 'x@gmail.com' into text field '//input[@id='nf-field-19']'.</msg>
<status status="PASS" starttime="20230905 11:20:21.936" endtime="20230905 11:20:22.015"/>
</kw>
<kw name="Input Text" library="SeleniumLibrary">
<arg>${phone1}</arg>
<arg>${phone_value}</arg>
<doc>Types the given ``text`` into the text field identified by ``locator``.</doc>
<msg timestamp="20230905 11:20:22.016" level="INFO">Typing text '9000045671' into text field '//input[@id='nf-field-20']'.</msg>
<status status="PASS" starttime="20230905 11:20:22.015" endtime="20230905 11:20:22.116"/>
</kw>
<kw name="Select From List By Value" library="SeleniumLibrary">
<arg>${drop_down1}</arg>
<arg>${drop_down1_value}</arg>
<doc>Selects options from selection list ``locator`` by ``values``.</doc>
<msg timestamp="20230905 11:20:22.117" level="INFO">Selecting options from selection list 'nf-field-22' by value selenium-automation.</msg>
<status status="PASS" starttime="20230905 11:20:22.117" endtime="20230905 11:20:22.181"/>
</kw>
<kw name="Select From List By Value" library="SeleniumLibrary">
<arg>${drop_down2}</arg>
<arg>${drop_down2_value}</arg>
<doc>Selects options from selection list ``locator`` by ``values``.</doc>
<msg timestamp="20230905 11:20:22.181" level="INFO">Selecting options from selection list 'nf-field-24' by value october.</msg>
<status status="PASS" starttime="20230905 11:20:22.181" endtime="20230905 11:20:22.247"/>
</kw>
<kw name="Click Element" library="SeleniumLibrary">
<arg>${button1}</arg>
<doc>Click the element identified by ``locator``.</doc>
<msg timestamp="20230905 11:20:22.247" level="INFO">Clicking element '//input[@id='nf-field-15']'.</msg>
<status status="PASS" starttime="20230905 11:20:22.247" endtime="20230905 11:20:22.313"/>
</kw>
<status status="PASS" starttime="20230905 11:20:15.915" endtime="20230905 11:20:22.313"/>
</kw>
<kw name="Register credentials2" library="keywords_register">
<kw name="Go To" library="SeleniumLibrary">
<arg>${url3}</arg>
<doc>Navigates the current browser window to the provided ``url``.</doc>
<msg timestamp="20230905 11:20:22.314" level="INFO">Opening url 'https://demo.automationtesting.in/Register.html'</msg>
<status status="PASS" starttime="20230905 11:20:22.314" endtime="20230905 11:20:24.359"/>
</kw>
<kw name="Maximize Browser Window" library="SeleniumLibrary">
<doc>Maximizes current browser window.</doc>
<status status="PASS" starttime="20230905 11:20:24.359" endtime="20230905 11:20:24.366"/>
</kw>
<kw name="Input Text" library="SeleniumLibrary">
<arg>${f_name2}</arg>
<arg>${f_name2_value}</arg>
<doc>Types the given ``text`` into the text field identified by ``locator``.</doc>
<msg timestamp="20230905 11:20:24.368" level="INFO">Typing text 'MNO' into text field '//input[@placeholder='First Name']'.</msg>
<status status="PASS" starttime="20230905 11:20:24.366" endtime="20230905 11:20:24.583"/>
</kw>
<kw name="Input Text" library="SeleniumLibrary">
<arg>${l_name2}</arg>
<arg>${l_name2_value}</arg>
<doc>Types the given ``text`` into the text field identified by ``locator``.</doc>
<msg timestamp="20230905 11:20:24.584" level="INFO">Typing text 'ABC' into text field '//input[@placeholder='Last Name']'.</msg>
<status status="PASS" starttime="20230905 11:20:24.584" endtime="20230905 11:20:24.709"/>
</kw>
<kw name="Input Text" library="SeleniumLibrary">
<arg>${address}</arg>
<arg>${address_value}</arg>
<doc>Types the given ``text`` into the text field identified by ``locator``.</doc>
<msg timestamp="20230905 11:20:24.710" level="INFO">Typing text 'Bangalore' into text field '//textarea[@class='form-control ng-pristine ng-untouched ng-valid']'.</msg>
<status status="PASS" starttime="20230905 11:20:24.710" endtime="20230905 11:20:24.847"/>
</kw>
<kw name="Input Text" library="SeleniumLibrary">
<arg>${email2}</arg>
<arg>${email2_value}</arg>
<doc>Types the given ``text`` into the text field identified by ``locator``.</doc>
<msg timestamp="20230905 11:20:24.848" level="INFO">Typing text 'a@gmail.com' into text field '//input[@type='email']'.</msg>
<status status="PASS" starttime="20230905 11:20:24.847" endtime="20230905 11:20:24.945"/>
</kw>
<kw name="Input Text" library="SeleniumLibrary">
<arg>${phone2}</arg>
<arg>${phone2_value}</arg>
<doc>Types the given ``text`` into the text field identified by ``locator``.</doc>
<msg timestamp="20230905 11:20:24.946" level="INFO">Typing text '9000045671' into text field '//input[@type='tel']'.</msg>
<status status="PASS" starttime="20230905 11:20:24.945" endtime="20230905 11:20:25.075"/>
</kw>
<kw name="Select Radio Button" library="SeleniumLibrary">
<arg>${gender}</arg>
<arg>${gender_value}</arg>
<doc>Sets the radio button group ``group_name`` to ``value``.</doc>
<msg timestamp="20230905 11:20:25.075" level="INFO">Selecting 'FeMale' from radio button 'radiooptions'.</msg>
<status status="PASS" starttime="20230905 11:20:25.075" endtime="20230905 11:20:25.166"/>
</kw>
<kw name="Select Checkbox" library="SeleniumLibrary">
<arg>${hobby}</arg>
<doc>Selects the checkbox identified by ``locator``.</doc>
<msg timestamp="20230905 11:20:25.166" level="INFO">Selecting checkbox 'checkbox1'.</msg>
<status status="PASS" starttime="20230905 11:20:25.166" endtime="20230905 11:20:25.250"/>
</kw>
<kw name="Input Text" library="SeleniumLibrary">
<arg>${pass}</arg>
<arg>${pass_value}</arg>
<doc>Types the given ``text`` into the text field identified by ``locator``.</doc>
<msg timestamp="20230905 11:20:25.251" level="INFO">Typing text '123' into text field '//input[@id='firstpassword']'.</msg>
<status status="PASS" starttime="20230905 11:20:25.250" endtime="20230905 11:20:25.357"/>
</kw>
<kw name="Input Text" library="SeleniumLibrary">
<arg>${conpass}</arg>
<arg>${conpass_value}</arg>
<doc>Types the given ``text`` into the text field identified by ``locator``.</doc>
<msg timestamp="20230905 11:20:25.358" level="INFO">Typing text '123' into text field '//input[@id='secondpassword']'.</msg>
<status status="PASS" starttime="20230905 11:20:25.357" endtime="20230905 11:20:25.465"/>
</kw>
<kw name="Click Element" library="SeleniumLibrary">
<arg>${button2}</arg>
<doc>Click the element identified by ``locator``.</doc>
<msg timestamp="20230905 11:20:25.466" level="INFO">Clicking element '//button[@id='submitbtn']'.</msg>
<status status="PASS" starttime="20230905 11:20:25.466" endtime="20230905 11:20:25.520"/>
</kw>
<status status="PASS" starttime="20230905 11:20:22.314" endtime="20230905 11:20:25.520"/>
</kw>
<status status="PASS" starttime="20230905 11:20:15.914" endtime="20230905 11:20:25.522"/>
</test>
<doc>Test Case 1: Login with Valid Credentials</doc>
<status status="PASS" starttime="20230905 11:20:15.807" endtime="20230905 11:20:25.523"/>
</suite>
<statistics>
<total>
<stat pass="1" fail="0" skip="0">All Tests</stat>
</total>
<tag>
</tag>
<suite>
<stat pass="1" fail="0" skip="0" id="s1" name="Testcase1">Testcase1</stat>
</suite>
</statistics>
<errors>
</errors>
</robot>
