<?xml version="1.0" encoding="UTF-8"?>
<robot generator="Robot 6.1.1 (Python 3.11.4 on win32)" generated="20230904 23:41:33.672" rpa="false" schemaversion="4">
<suite id="s1" name="Testcase1" source="C:\Users\Spandana SY-int-219\PycharmProjects\MyProject\testcycles\module 1 folder\testscenario\testcase1.robot">
<test id="s1-t1" name="PLEASE" line="6">
<kw name="Login Credentials1" library="keywords_login">
<kw name="Open Browser" library="SeleniumLibrary">
<arg>${url}</arg>
<arg>${BROWSER}</arg>
<doc>Opens a new browser instance to the optional ``url``.</doc>
<msg timestamp="20230904 23:41:33.854" level="INFO">Opening browser 'chrome' to base url 'https://practicetestautomation.com/practice-test-login/'.</msg>
<status status="PASS" starttime="20230904 23:41:33.854" endtime="20230904 23:41:47.752"/>
</kw>
<kw name="Maximize Browser Window" library="SeleniumLibrary">
<doc>Maximizes current browser window.</doc>
<status status="PASS" starttime="20230904 23:41:47.752" endtime="20230904 23:41:47.873"/>
</kw>
<kw name="Input Text" library="SeleniumLibrary">
<arg>${username_1}</arg>
<arg>${v_username1}</arg>
<doc>Types the given ``text`` into the text field identified by ``locator``.</doc>
<msg timestamp="20230904 23:41:47.875" level="INFO">Typing text 'student' into text field '//input[@id='username']'.</msg>
<status status="PASS" starttime="20230904 23:41:47.873" endtime="20230904 23:41:48.078"/>
</kw>
<kw name="Input Text" library="SeleniumLibrary">
<arg>${password_1}</arg>
<arg>${v_password1}</arg>
<doc>Types the given ``text`` into the text field identified by ``locator``.</doc>
<msg timestamp="20230904 23:41:48.079" level="INFO">Typing text 'Password123' into text field '//input[@id='password']'.</msg>
<status status="PASS" starttime="20230904 23:41:48.078" endtime="20230904 23:41:48.210"/>
</kw>
<kw name="Click Element" library="SeleniumLibrary">
<arg>${button_1}</arg>
<doc>Click the element identified by ``locator``.</doc>
<msg timestamp="20230904 23:41:48.212" level="INFO">Clicking element '//button[@id='submit']'.</msg>
<status status="PASS" starttime="20230904 23:41:48.210" endtime="20230904 23:41:55.481"/>
</kw>
<status status="PASS" starttime="20230904 23:41:33.853" endtime="20230904 23:41:55.481"/>
</kw>
<kw name="Login Credentials2" library="keywords_login">
<kw name="Go To" library="SeleniumLibrary">
<arg>${url1}</arg>
<doc>Navigates the current browser window to the provided ``url``.</doc>
<msg timestamp="20230904 23:41:55.483" level="INFO">Opening url 'https://practice.expandtesting.com/login'</msg>
<status status="PASS" starttime="20230904 23:41:55.483" endtime="20230904 23:41:59.146"/>
</kw>
<kw name="Input Text" library="SeleniumLibrary">
<arg>${username_2}</arg>
<arg>${v_username2}</arg>
<doc>Types the given ``text`` into the text field identified by ``locator``.</doc>
<msg timestamp="20230904 23:41:59.147" level="INFO">Typing text 'practice' into text field '//input[@id='username']'.</msg>
<status status="PASS" starttime="20230904 23:41:59.146" endtime="20230904 23:41:59.286"/>
</kw>
<kw name="Input Text" library="SeleniumLibrary">
<arg>${password_2}</arg>
<arg>${v_password2}</arg>
<doc>Types the given ``text`` into the text field identified by ``locator``.</doc>
<msg timestamp="20230904 23:41:59.287" level="INFO">Typing text 'SuperSecretPassword!' into text field '//input[@id='password']'.</msg>
<status status="PASS" starttime="20230904 23:41:59.286" endtime="20230904 23:41:59.431"/>
</kw>
<kw name="Click Element" library="SeleniumLibrary">
<arg>${button_2}</arg>
<doc>Click the element identified by ``locator``.</doc>
<msg timestamp="20230904 23:41:59.432" level="INFO">Clicking element '//button[@type='submit']'.</msg>
<status status="PASS" starttime="20230904 23:41:59.431" endtime="20230904 23:42:00.982"/>
</kw>
<kw name="Close Browser" library="SeleniumLibrary">
<doc>Closes the current browser.</doc>
<status status="PASS" starttime="20230904 23:42:00.982" endtime="20230904 23:42:03.212"/>
</kw>
<status status="PASS" starttime="20230904 23:41:55.481" endtime="20230904 23:42:03.213"/>
</kw>
<status status="PASS" starttime="20230904 23:41:33.853" endtime="20230904 23:42:03.214"/>
</test>
<doc>Test Case 1: Login with Valid Credentials</doc>
<status status="PASS" starttime="20230904 23:41:33.673" endtime="20230904 23:42:03.216"/>
</suite>
<statistics>
<total>
<stat pass="1" fail="0" skip="0">All Tests</stat>
</total>
<tag>
</tag>
<suite>
<stat pass="1" fail="0" skip="0" id="s1" name="Testcase1">Testcase1</stat>
</suite>
</statistics>
<errors>
</errors>
</robot>
